info it worked if it ends with ok
verbose cli [ 'C:\\Program Files\\nodejs\\\\node.exe',
verbose cli   'C:\\Program Files\\nodejs\\node_modules\\npm\\bin\\npm-cli.js',
verbose cli   'test' ]
info using npm@1.1.21
info using node@v0.6.18
verbose C:\Program Files\nodejs\\node.exe node symlink
verbose config file C:\Users\Administrator\.npmrc
verbose config file C:\Program Files\nodejs\etc\npmrc
verbose config file C:\Program Files\nodejs\node_modules\npm\npmrc
ERR! Error: ENOENT, open 'C:\Git\NodeSamples\package.json'
ERR! You may report this log at:
ERR!     <http://github.com/isaacs/npm/issues>
ERR! or email it to:
ERR!     <npm-@googlegroups.com>
ERR! 
ERR! System Windows_NT 6.0.6002
ERR! command "C:\\Program Files\\nodejs\\\\node.exe" "C:\\Program Files\\nodejs\\node_modules\\npm\\bin\\npm-cli.js" "test"
ERR! cwd C:\Git\NodeSamples
ERR! node -v v0.6.18
ERR! npm -v 1.1.21
ERR! path C:\Git\NodeSamples\package.json
ERR! code ENOENT
ERR! message ENOENT, open 'C:\Git\NodeSamples\package.json'
ERR! errno {}
verbose exit [ 1, true ]
